<?xml version="1.0" encoding="UTF-8"?>
<testng-results ignored="0" total="1" passed="1" failed="0" skipped="0">
  <reporter-output>
  </reporter-output>
  <suite started-at="2024-09-17T17:40:32 IST" name=" grid docker Suite" finished-at="2024-09-17T17:41:13 IST" duration-ms="40778">
    <groups>
      <group name="Sanity">
        <method signature="TC_001Login.loginHrm()[pri:0, instance:TestCases.TC_001Login@5fcacc0]" name="loginHrm" class="TestCases.TC_001Login"/>
      </group> <!-- Sanity -->
    </groups>
    <test started-at="2024-09-17T17:40:32 IST" name="Test linux chrome" finished-at="2024-09-17T17:41:13 IST" duration-ms="40778">
      <class name="TestCases.TC_001Login">
        <test-method is-config="true" signature="openbrowser(java.lang.String,java.lang.String)[pri:0, instance:TestCases.TC_001Login@5fcacc0]" started-at="2024-09-17T17:40:32 IST" name="openbrowser" finished-at="2024-09-17T17:41:09 IST" duration-ms="36690" status="PASS">
          <params>
            <param index="0">
              <value>
                <![CDATA[Linux]]>
              </value>
            </param>
            <param index="1">
              <value>
                <![CDATA[chrome]]>
              </value>
            </param>
          </params>
          <reporter-output>
          </reporter-output>
        </test-method> <!-- openbrowser -->
        <test-method signature="loginHrm()[pri:0, instance:TestCases.TC_001Login@5fcacc0]" started-at="2024-09-17T17:41:09 IST" name="loginHrm" finished-at="2024-09-17T17:41:12 IST" duration-ms="3279" status="PASS">
          <reporter-output>
          </reporter-output>
        </test-method> <!-- loginHrm -->
        <test-method is-config="true" signature="closebrowser()[pri:0, instance:TestCases.TC_001Login@5fcacc0]" started-at="2024-09-17T17:41:12 IST" name="closebrowser" finished-at="2024-09-17T17:41:13 IST" duration-ms="402" status="PASS">
          <reporter-output>
          </reporter-output>
        </test-method> <!-- closebrowser -->
      </class> <!-- TestCases.TC_001Login -->
    </test> <!-- Test linux chrome -->
  </suite> <!--  grid docker Suite -->
</testng-results>
